[2026-03-12T02:23:07.404492] LOGOUT CALLED. Access token present: True
[2026-03-12T02:23:07.404492] Access Token JTI: 11757f74-37a7-4b5b-8b6c-dbebc8e3d000, EXP: 1773282892
[2026-03-12T02:23:07.404492] Expiring Access JTI in 0 seconds
[2026-03-12T02:23:07.404492] Refresh Token JTI: f75e431b-7f23-44da-abb7-4d15b4a59ded, EXP: 1773368392
[2026-03-12T02:23:07.404492] Expiring Refresh JTI in 68204 seconds
[2026-03-12T02:23:52.627365] LOGOUT CALLED. Access token present: True
[2026-03-12T02:23:52.627365] Access Token JTI: 639db757-434c-4a94-a923-ecf83e698706, EXP: 1773283104
[2026-03-12T02:23:52.628365] Expiring Access JTI in 0 seconds
[2026-03-12T02:23:52.628365] Refresh Token JTI: 972aac56-ee93-4a0c-8203-cfeea6bc7f44, EXP: 1773368604
[2026-03-12T02:23:52.629362] Expiring Refresh JTI in 68371 seconds
[2026-03-12T02:24:28.946189] LOGOUT CALLED. Access token present: True
[2026-03-12T02:24:28.947827] Access Token JTI: be670e50-c4c4-47cd-bee6-69f591d22a12, EXP: 1773283146
[2026-03-12T02:24:28.947827] Expiring Access JTI in 0 seconds
[2026-03-12T02:24:28.948346] Refresh Token JTI: 425bda2c-b0b2-4bb5-801f-d3264f919d22, EXP: 1773368646
[2026-03-12T02:24:28.948346] Expiring Refresh JTI in 68377 seconds
[2026-03-12T02:27:58.576260] LOGOUT CALLED. Access token present: True
[2026-03-12T02:27:58.577267] Access Token JTI: 8a0d832c-adcb-43d2-8747-391408cc2ab5, EXP: 1773283325
[2026-03-12T02:27:58.577267] Expiring Access JTI in 0 seconds
[2026-03-12T02:27:58.577267] Refresh Token JTI: 4573ffd5-d8fd-4f59-a480-c5cd341c9ea2, EXP: 1773368825
[2026-03-12T02:27:58.577267] Expiring Refresh JTI in 68346 seconds
[2026-03-12T02:34:21.667112+00:00] [DEP] Checking JTI d69ef26c-0a2f-47e2-a71b-884698826314: Blocklisted=False
[2026-03-12T02:34:21.713017+00:00] [DEP] Checking JTI d69ef26c-0a2f-47e2-a71b-884698826314: Blocklisted=False
[2026-03-12T02:34:21.774282+00:00] [DEP] Checking JTI d69ef26c-0a2f-47e2-a71b-884698826314: Blocklisted=False
[2026-03-12T02:34:22.071995+00:00] [DEP] Checking JTI d69ef26c-0a2f-47e2-a71b-884698826314: Blocklisted=False
[2026-03-12T02:34:22.081125+00:00] [DEP] Checking JTI d69ef26c-0a2f-47e2-a71b-884698826314: Blocklisted=False
[2026-03-12T02:34:23.135207+00:00] [DEP] Checking JTI d69ef26c-0a2f-47e2-a71b-884698826314: Blocklisted=False
[2026-03-12T02:34:23.186661+00:00] [DEP] Checking JTI d69ef26c-0a2f-47e2-a71b-884698826314: Blocklisted=False
[2026-03-12T02:34:24.124863+00:00] [DEP] Checking JTI d69ef26c-0a2f-47e2-a71b-884698826314: Blocklisted=False
[2026-03-12T02:34:46.333484+00:00] [DEP] Checking JTI d69ef26c-0a2f-47e2-a71b-884698826314: Blocklisted=False
[2026-03-12T02:34:51.439988] LOGOUT CALLED. Access token present: True
[2026-03-12T02:34:51.439988] Access Token JTI: d69ef26c-0a2f-47e2-a71b-884698826314, EXP: 1773283761, NOW_TS: 1773282891.439988
[2026-03-12T02:34:51.439988] Expiring Access JTI in 869 seconds
[2026-03-12T02:34:51.445514] Refresh Token JTI: d9997ed7-1264-49a4-a9e4-6e6793d88ba8, EXP: 1773369261, NOW_TS: 1773282891.439988
[2026-03-12T02:34:51.445514] Expiring Refresh JTI in 86369 seconds
[2026-03-12T02:34:57.062114+00:00] [DEP] Checking JTI d69ef26c-0a2f-47e2-a71b-884698826314: Blocklisted=True
[2026-03-12T02:34:57.062114+00:00] [DEP] REJECTING REVOKED TOKEN: d69ef26c-0a2f-47e2-a71b-884698826314
[2026-03-12T02:35:00.271281+00:00] [DEP] Checking JTI d69ef26c-0a2f-47e2-a71b-884698826314: Blocklisted=True
[2026-03-12T02:35:00.272288+00:00] [DEP] REJECTING REVOKED TOKEN: d69ef26c-0a2f-47e2-a71b-884698826314
[2026-03-12T02:35:01.901758+00:00] [DEP] Checking JTI d69ef26c-0a2f-47e2-a71b-884698826314: Blocklisted=True
[2026-03-12T02:35:01.902264+00:00] [DEP] REJECTING REVOKED TOKEN: d69ef26c-0a2f-47e2-a71b-884698826314
[2026-03-12T02:35:12.362147+00:00] [DEP] Checking JTI d69ef26c-0a2f-47e2-a71b-884698826314: Blocklisted=True
[2026-03-12T02:35:12.362147+00:00] [DEP] REJECTING REVOKED TOKEN: d69ef26c-0a2f-47e2-a71b-884698826314
[2026-03-12T03:08:31.937823+00:00] [DEP] Checking JTI 55dfc776-707f-4fa9-bff0-29433ad8eea5: Blocklisted=False
[2026-03-12T03:08:31.977287+00:00] [DEP] Checking JTI 55dfc776-707f-4fa9-bff0-29433ad8eea5: Blocklisted=False
[2026-03-12T03:08:32.074706+00:00] [DEP] Checking JTI 55dfc776-707f-4fa9-bff0-29433ad8eea5: Blocklisted=False
[2026-03-12T03:08:32.355685+00:00] [DEP] Checking JTI 55dfc776-707f-4fa9-bff0-29433ad8eea5: Blocklisted=False
[2026-03-12T03:08:32.358684+00:00] [DEP] Checking JTI 55dfc776-707f-4fa9-bff0-29433ad8eea5: Blocklisted=False
[2026-03-12T03:08:33.396645+00:00] [DEP] Checking JTI 55dfc776-707f-4fa9-bff0-29433ad8eea5: Blocklisted=False
[2026-03-12T03:08:33.424777+00:00] [DEP] Checking JTI 55dfc776-707f-4fa9-bff0-29433ad8eea5: Blocklisted=False
[2026-03-12T03:08:34.452977+00:00] [DEP] Checking JTI 55dfc776-707f-4fa9-bff0-29433ad8eea5: Blocklisted=False
[2026-03-12T03:08:37.009693] LOGOUT CALLED. Access token present: True
[2026-03-12T03:08:37.009693] Access Token JTI: 55dfc776-707f-4fa9-bff0-29433ad8eea5, EXP: 1773285811, NOW_TS: 1773284917.009693
[2026-03-12T03:08:37.009693] Expiring Access JTI in 893 seconds
[2026-03-12T03:08:37.036474] Refresh Token JTI: c4be516c-53f9-4385-a925-0084590760a8, EXP: 1773371311, NOW_TS: 1773284917.009693
[2026-03-12T03:08:37.037074] Expiring Refresh JTI in 86393 seconds
[2026-03-12T14:42:36.186548+00:00] [DEP] Checking JTI 512513bc-b737-4b07-9691-6f1fe8f6a831: Blocklisted=False
[2026-03-12T14:42:36.243816+00:00] [DEP] Checking JTI 512513bc-b737-4b07-9691-6f1fe8f6a831: Blocklisted=False
[2026-03-12T14:42:36.312980+00:00] [DEP] Checking JTI 512513bc-b737-4b07-9691-6f1fe8f6a831: Blocklisted=False
[2026-03-12T14:42:36.619587+00:00] [DEP] Checking JTI 512513bc-b737-4b07-9691-6f1fe8f6a831: Blocklisted=False
[2026-03-12T14:42:36.622173+00:00] [DEP] Checking JTI 512513bc-b737-4b07-9691-6f1fe8f6a831: Blocklisted=False
[2026-03-12T14:42:37.672075+00:00] [DEP] Checking JTI 512513bc-b737-4b07-9691-6f1fe8f6a831: Blocklisted=False
[2026-03-12T14:42:37.701204+00:00] [DEP] Checking JTI 512513bc-b737-4b07-9691-6f1fe8f6a831: Blocklisted=False
[2026-03-12T14:42:38.710529+00:00] [DEP] Checking JTI 512513bc-b737-4b07-9691-6f1fe8f6a831: Blocklisted=False
[2026-03-12T14:43:43.106735+00:00] [DEP] Checking JTI 512513bc-b737-4b07-9691-6f1fe8f6a831: Blocklisted=False
[2026-03-12T14:43:49.418948+00:00] [DEP] Checking JTI 512513bc-b737-4b07-9691-6f1fe8f6a831: Blocklisted=False
[2026-03-12T14:43:53.374330] LOGOUT CALLED. Access token present: True
[2026-03-12T14:43:53.374330] Access Token JTI: 512513bc-b737-4b07-9691-6f1fe8f6a831, EXP: 1773327455, NOW_TS: 1773326633.37433
[2026-03-12T14:43:53.374330] Expiring Access JTI in 821 seconds
[2026-03-12T14:43:53.380439] Refresh Token JTI: 2f910a60-2d15-40d4-870d-61249b8863db, EXP: 1773412955, NOW_TS: 1773326633.37433
[2026-03-12T14:43:53.380439] Expiring Refresh JTI in 86321 seconds
[2026-03-12T14:43:59.042177+00:00] [DEP] Checking JTI 512513bc-b737-4b07-9691-6f1fe8f6a831: Blocklisted=True
[2026-03-12T14:43:59.042177+00:00] [DEP] REJECTING REVOKED TOKEN: 512513bc-b737-4b07-9691-6f1fe8f6a831
[2026-03-12T15:40:43.009246+00:00] [DEP] Checking JTI ff15017a-4675-4bc4-ba45-13c9f2e75c59: Blocklisted=False
[2026-03-12T15:40:43.063298+00:00] [DEP] Checking JTI ff15017a-4675-4bc4-ba45-13c9f2e75c59: Blocklisted=False
[2026-03-12T15:40:43.191322+00:00] [DEP] Checking JTI ff15017a-4675-4bc4-ba45-13c9f2e75c59: Blocklisted=False
[2026-03-12T15:40:43.489902+00:00] [DEP] Checking JTI ff15017a-4675-4bc4-ba45-13c9f2e75c59: Blocklisted=False
[2026-03-12T15:40:43.492902+00:00] [DEP] Checking JTI ff15017a-4675-4bc4-ba45-13c9f2e75c59: Blocklisted=False
[2026-03-12T15:40:44.543859+00:00] [DEP] Checking JTI ff15017a-4675-4bc4-ba45-13c9f2e75c59: Blocklisted=False
[2026-03-12T15:40:44.671203+00:00] [DEP] Checking JTI ff15017a-4675-4bc4-ba45-13c9f2e75c59: Blocklisted=False
[2026-03-12T15:40:45.573130+00:00] [DEP] Checking JTI ff15017a-4675-4bc4-ba45-13c9f2e75c59: Blocklisted=False
[2026-03-12T15:41:03.329523] LOGOUT CALLED. Access token present: True
[2026-03-12T15:41:03.330523] Access Token JTI: ff15017a-4675-4bc4-ba45-13c9f2e75c59, EXP: 1773330942, NOW_TS: 1773330063.330523
[2026-03-12T15:41:03.330523] Expiring Access JTI in 878 seconds
[2026-03-12T15:41:03.336069] Refresh Token JTI: cf9542cd-4825-4201-a87e-8ef39b46625b, EXP: 1773416442, NOW_TS: 1773330063.330523
[2026-03-12T15:41:03.336069] Expiring Refresh JTI in 86378 seconds
[2026-03-12T15:42:30.385845+00:00] [DEP] Checking JTI 8f13e684-eb17-4119-b4ee-51fb06c50c4b: Blocklisted=False
[2026-03-12T15:42:30.420698+00:00] [DEP] Checking JTI 8f13e684-eb17-4119-b4ee-51fb06c50c4b: Blocklisted=False
[2026-03-12T15:42:30.477228+00:00] [DEP] Checking JTI 8f13e684-eb17-4119-b4ee-51fb06c50c4b: Blocklisted=False
[2026-03-12T15:42:30.793870+00:00] [DEP] Checking JTI 8f13e684-eb17-4119-b4ee-51fb06c50c4b: Blocklisted=False
[2026-03-12T15:42:30.808525+00:00] [DEP] Checking JTI 8f13e684-eb17-4119-b4ee-51fb06c50c4b: Blocklisted=False
[2026-03-12T15:42:31.824021+00:00] [DEP] Checking JTI 8f13e684-eb17-4119-b4ee-51fb06c50c4b: Blocklisted=False
[2026-03-12T15:42:31.925782+00:00] [DEP] Checking JTI 8f13e684-eb17-4119-b4ee-51fb06c50c4b: Blocklisted=False
[2026-03-12T15:42:33.176917+00:00] [DEP] Checking JTI 8f13e684-eb17-4119-b4ee-51fb06c50c4b: Blocklisted=False
[2026-03-12T15:43:51.390366] LOGOUT CALLED. Access token present: True
[2026-03-12T15:43:51.390366] Access Token JTI: 8f13e684-eb17-4119-b4ee-51fb06c50c4b, EXP: 1773331050, NOW_TS: 1773330231.390366
[2026-03-12T15:43:51.390366] Expiring Access JTI in 818 seconds
[2026-03-12T15:43:51.395414] Refresh Token JTI: 62b5c36e-9f77-4b3f-95fc-a64069e1d16a, EXP: 1773416550, NOW_TS: 1773330231.390366
[2026-03-12T15:43:51.395414] Expiring Refresh JTI in 86318 seconds
[2026-03-12T19:01:59.492711+00:00] [DEP] Checking JTI 34ef9f44-8fc1-4374-96dc-f715102e4495: Blocklisted=False
[2026-03-12T19:01:59.590429+00:00] [DEP] Checking JTI 34ef9f44-8fc1-4374-96dc-f715102e4495: Blocklisted=False
[2026-03-12T19:01:59.663724+00:00] [DEP] Checking JTI 34ef9f44-8fc1-4374-96dc-f715102e4495: Blocklisted=False
[2026-03-12T19:01:59.974400+00:00] [DEP] Checking JTI 34ef9f44-8fc1-4374-96dc-f715102e4495: Blocklisted=False
[2026-03-12T19:01:59.993945+00:00] [DEP] Checking JTI 34ef9f44-8fc1-4374-96dc-f715102e4495: Blocklisted=False
[2026-03-12T19:02:01.081902+00:00] [DEP] Checking JTI 34ef9f44-8fc1-4374-96dc-f715102e4495: Blocklisted=False
[2026-03-12T19:02:01.085415+00:00] [DEP] Checking JTI 34ef9f44-8fc1-4374-96dc-f715102e4495: Blocklisted=False
[2026-03-12T19:02:02.086750+00:00] [DEP] Checking JTI 34ef9f44-8fc1-4374-96dc-f715102e4495: Blocklisted=False
[2026-03-12T19:10:10.188406] LOGOUT CALLED. Access token present: True
[2026-03-12T19:10:10.188911] Access Token JTI: 34ef9f44-8fc1-4374-96dc-f715102e4495, EXP: 1773343019, NOW_TS: 1773342610.188911
[2026-03-12T19:10:10.188911] Expiring Access JTI in 408 seconds
[2026-03-12T19:10:10.237052] Refresh Token JTI: c7c567fc-7060-4f7d-9bbc-082731424727, EXP: 1773428519, NOW_TS: 1773342610.188911
[2026-03-12T19:10:10.237052] Expiring Refresh JTI in 85908 seconds
[2026-03-12T19:10:54.110543+00:00] [DEP] Checking JTI 6fa4c5d7-d4bd-416a-b47c-525c32ee92bc: Blocklisted=False
[2026-03-12T19:10:54.143945+00:00] [DEP] Checking JTI 6fa4c5d7-d4bd-416a-b47c-525c32ee92bc: Blocklisted=False
[2026-03-12T19:10:54.494087+00:00] [DEP] Checking JTI 6fa4c5d7-d4bd-416a-b47c-525c32ee92bc: Blocklisted=False
[2026-03-12T19:10:54.498699+00:00] [DEP] Checking JTI 6fa4c5d7-d4bd-416a-b47c-525c32ee92bc: Blocklisted=False
[2026-03-12T19:10:54.504277+00:00] [DEP] Checking JTI 6fa4c5d7-d4bd-416a-b47c-525c32ee92bc: Blocklisted=False
[2026-03-12T19:10:55.576785+00:00] [DEP] Checking JTI 6fa4c5d7-d4bd-416a-b47c-525c32ee92bc: Blocklisted=False
[2026-03-12T19:10:55.640522+00:00] [DEP] Checking JTI 6fa4c5d7-d4bd-416a-b47c-525c32ee92bc: Blocklisted=False
[2026-03-12T19:10:56.878830+00:00] [DEP] Checking JTI 6fa4c5d7-d4bd-416a-b47c-525c32ee92bc: Blocklisted=False
[2026-03-12T19:11:09.617836+00:00] [DEP] Checking JTI 6fa4c5d7-d4bd-416a-b47c-525c32ee92bc: Blocklisted=False
[2026-03-12T19:11:09.626933+00:00] [DEP] Checking JTI 6fa4c5d7-d4bd-416a-b47c-525c32ee92bc: Blocklisted=False
[2026-03-12T19:11:09.632248+00:00] [DEP] Checking JTI 6fa4c5d7-d4bd-416a-b47c-525c32ee92bc: Blocklisted=False
[2026-03-12T19:11:10.751522+00:00] [DEP] Checking JTI 6fa4c5d7-d4bd-416a-b47c-525c32ee92bc: Blocklisted=False
[2026-03-12T19:11:10.793262+00:00] [DEP] Checking JTI 6fa4c5d7-d4bd-416a-b47c-525c32ee92bc: Blocklisted=False
[2026-03-12T19:11:12.125605+00:00] [DEP] Checking JTI 6fa4c5d7-d4bd-416a-b47c-525c32ee92bc: Blocklisted=False
[2026-03-12T19:11:23.321031+00:00] [DEP] Checking JTI 6fa4c5d7-d4bd-416a-b47c-525c32ee92bc: Blocklisted=False
[2026-03-12T19:11:23.324035+00:00] [DEP] Checking JTI 6fa4c5d7-d4bd-416a-b47c-525c32ee92bc: Blocklisted=False
[2026-03-12T19:11:23.360823+00:00] [DEP] Checking JTI 6fa4c5d7-d4bd-416a-b47c-525c32ee92bc: Blocklisted=False
[2026-03-12T19:11:24.470994+00:00] [DEP] Checking JTI 6fa4c5d7-d4bd-416a-b47c-525c32ee92bc: Blocklisted=False
[2026-03-12T19:11:24.530536+00:00] [DEP] Checking JTI 6fa4c5d7-d4bd-416a-b47c-525c32ee92bc: Blocklisted=False
[2026-03-12T19:11:25.820623+00:00] [DEP] Checking JTI 6fa4c5d7-d4bd-416a-b47c-525c32ee92bc: Blocklisted=False
[2026-03-12T19:11:30.942225+00:00] [DEP] Checking JTI 6fa4c5d7-d4bd-416a-b47c-525c32ee92bc: Blocklisted=False
[2026-03-12T19:11:34.020122+00:00] [DEP] Checking JTI 6fa4c5d7-d4bd-416a-b47c-525c32ee92bc: Blocklisted=False
[2026-03-12T19:11:34.321622+00:00] [DEP] Checking JTI 6fa4c5d7-d4bd-416a-b47c-525c32ee92bc: Blocklisted=False
[2026-03-12T19:11:34.512334+00:00] [DEP] Checking JTI 6fa4c5d7-d4bd-416a-b47c-525c32ee92bc: Blocklisted=False
[2026-03-12T19:11:34.632342+00:00] [DEP] Checking JTI 6fa4c5d7-d4bd-416a-b47c-525c32ee92bc: Blocklisted=False
[2026-03-12T19:11:34.782276+00:00] [DEP] Checking JTI 6fa4c5d7-d4bd-416a-b47c-525c32ee92bc: Blocklisted=False
[2026-03-12T19:11:35.164841+00:00] [DEP] Checking JTI 6fa4c5d7-d4bd-416a-b47c-525c32ee92bc: Blocklisted=False
[2026-03-12T19:11:35.790237+00:00] [DEP] Checking JTI 6fa4c5d7-d4bd-416a-b47c-525c32ee92bc: Blocklisted=False
[2026-03-12T19:13:30.458394+00:00] [DEP] Checking JTI 6fa4c5d7-d4bd-416a-b47c-525c32ee92bc: Blocklisted=False
[2026-03-12T19:13:30.459639+00:00] [DEP] Checking JTI 6fa4c5d7-d4bd-416a-b47c-525c32ee92bc: Blocklisted=False
[2026-03-12T19:13:30.461296+00:00] [DEP] Checking JTI 6fa4c5d7-d4bd-416a-b47c-525c32ee92bc: Blocklisted=False
[2026-03-12T19:13:30.462298+00:00] [DEP] Checking JTI 6fa4c5d7-d4bd-416a-b47c-525c32ee92bc: Blocklisted=False
[2026-03-12T19:13:31.776489+00:00] [DEP] Checking JTI 6fa4c5d7-d4bd-416a-b47c-525c32ee92bc: Blocklisted=False
[2026-03-12T19:13:31.893434+00:00] [DEP] Checking JTI 6fa4c5d7-d4bd-416a-b47c-525c32ee92bc: Blocklisted=False
[2026-03-12T19:13:46.369785+00:00] [DEP] Checking JTI 6fa4c5d7-d4bd-416a-b47c-525c32ee92bc: Blocklisted=False
[2026-03-12T19:13:46.678957+00:00] [DEP] Checking JTI 6fa4c5d7-d4bd-416a-b47c-525c32ee92bc: Blocklisted=False
[2026-03-12T19:13:46.683037+00:00] [DEP] Checking JTI 6fa4c5d7-d4bd-416a-b47c-525c32ee92bc: Blocklisted=False
[2026-03-12T19:13:46.685157+00:00] [DEP] Checking JTI 6fa4c5d7-d4bd-416a-b47c-525c32ee92bc: Blocklisted=False
[2026-03-12T19:13:47.739879+00:00] [DEP] Checking JTI 6fa4c5d7-d4bd-416a-b47c-525c32ee92bc: Blocklisted=False
[2026-03-12T19:13:47.796403+00:00] [DEP] Checking JTI 6fa4c5d7-d4bd-416a-b47c-525c32ee92bc: Blocklisted=False
[2026-03-12T19:52:44.736741] LOGOUT CALLED. Access token present: True
[2026-03-12T19:52:44.736741] Access Token JTI: 6fa4c5d7-d4bd-416a-b47c-525c32ee92bc, EXP: 1773343553, NOW_TS: 1773345164.736741
[2026-03-12T19:52:44.736741] Expiring Access JTI in 1 seconds
[2026-03-12T19:52:45.196493] Refresh Token JTI: 7bb6d1ff-3655-4065-bd6f-0c2f6dc5d340, EXP: 1773429053, NOW_TS: 1773345164.736741
[2026-03-12T19:52:45.196493] Expiring Refresh JTI in 83888 seconds
[2026-03-12T19:53:25.976402+00:00] [DEP] Checking JTI d78596a5-50a6-4833-9a0d-329d1e34b366: Blocklisted=False
[2026-03-12T19:53:26.352086+00:00] [DEP] Checking JTI d78596a5-50a6-4833-9a0d-329d1e34b366: Blocklisted=False
[2026-03-12T19:53:26.694999+00:00] [DEP] Checking JTI d78596a5-50a6-4833-9a0d-329d1e34b366: Blocklisted=False
[2026-03-12T19:53:26.698007+00:00] [DEP] Checking JTI d78596a5-50a6-4833-9a0d-329d1e34b366: Blocklisted=False
[2026-03-12T19:53:26.701518+00:00] [DEP] Checking JTI d78596a5-50a6-4833-9a0d-329d1e34b366: Blocklisted=False
[2026-03-12T19:53:28.217802+00:00] [DEP] Checking JTI d78596a5-50a6-4833-9a0d-329d1e34b366: Blocklisted=False
[2026-03-12T19:53:28.222262+00:00] [DEP] Checking JTI d78596a5-50a6-4833-9a0d-329d1e34b366: Blocklisted=False
[2026-03-12T19:53:29.410862+00:00] [DEP] Checking JTI d78596a5-50a6-4833-9a0d-329d1e34b366: Blocklisted=False
[2026-03-12T19:53:55.221486+00:00] [DEP] Checking JTI d78596a5-50a6-4833-9a0d-329d1e34b366: Blocklisted=False
[2026-03-12T19:54:19.091359+00:00] [DEP] Checking JTI d78596a5-50a6-4833-9a0d-329d1e34b366: Blocklisted=False
[2026-03-12T19:54:22.968056+00:00] [DEP] Checking JTI d78596a5-50a6-4833-9a0d-329d1e34b366: Blocklisted=False
[2026-03-12T19:54:28.015665+00:00] [DEP] Checking JTI d78596a5-50a6-4833-9a0d-329d1e34b366: Blocklisted=False
[2026-03-12T19:54:48.719430] LOGOUT CALLED. Access token present: True
[2026-03-12T19:54:48.720078] Access Token JTI: d78596a5-50a6-4833-9a0d-329d1e34b366, EXP: 1773346105, NOW_TS: 1773345288.720078
[2026-03-12T19:54:48.720078] Expiring Access JTI in 816 seconds
[2026-03-12T19:54:49.168333] Refresh Token JTI: aeac872f-a8e1-4103-86de-2a1e917ef396, EXP: 1773431605, NOW_TS: 1773345288.720078
[2026-03-12T19:54:49.168333] Expiring Refresh JTI in 86316 seconds
